<?xml version="1.0" encoding="UTF-8"?>
<!-- Generated by org.testng.reporters.JUnitXMLReporter -->
<testsuite ignored="2" hostname="DESKTOP-2H7MN4M" failures="0" tests="1" name="Default test" time="5.485" errors="0" timestamp="2025-03-19T13:40:08 IST">
  <testcase classname="tests.APITestUsingBDD" name="ValidateListOfUsers" time="5.383"/>
  <testcase classname="tests.APITestUsingBDD" name="getsingleUser" time="0.0">
    <ignored/>
  </testcase> <!-- getsingleUser -->
  <testcase classname="tests.APITestUsingBDD" name="validateSingleUser" time="0.0">
    <ignored/>
  </testcase> <!-- validateSingleUser -->
</testsuite> <!-- Default test -->
