<?xml version="1.0" encoding="UTF-8"?>
<testng-results ignored="0" total="1" passed="1" failed="0" skipped="0">
  <reporter-output>
  </reporter-output>
  <suite started-at="2025-03-21T11:46:38 IST" name="Default suite" finished-at="2025-03-21T11:46:45 IST" duration-ms="7184">
    <groups>
    </groups>
    <test started-at="2025-03-21T11:46:38 IST" name="Default test" finished-at="2025-03-21T11:46:45 IST" duration-ms="7184">
      <class name="tests.ValidateJsonResponseData">
        <test-method signature="validateJsonResponse()[pri:1, instance:tests.ValidateJsonResponseData@5c5eefef]" started-at="2025-03-21T11:46:38 IST" name="validateJsonResponse" finished-at="2025-03-21T11:46:45 IST" duration-ms="7011" status="PASS">
          <reporter-output>
          </reporter-output>
        </test-method> <!-- validateJsonResponse -->
      </class> <!-- tests.ValidateJsonResponseData -->
    </test> <!-- Default test -->
  </suite> <!-- Default suite -->
</testng-results>
