<?xml version="1.0" encoding="UTF-8"?>
<testng-results ignored="2" total="3" passed="1" failed="0" skipped="0">
  <reporter-output>
  </reporter-output>
  <suite started-at="2025-03-19T13:40:03 IST" name="Default suite" finished-at="2025-03-19T13:40:08 IST" duration-ms="5485">
    <groups>
    </groups>
    <test started-at="2025-03-19T13:40:03 IST" name="Default test" finished-at="2025-03-19T13:40:08 IST" duration-ms="5485">
      <class name="tests.APITestUsingBDD">
        <test-method signature="ValidateListOfUsers()[pri:0, instance:tests.APITestUsingBDD@245b4bdc]" started-at="2025-03-19T13:40:03 IST" name="ValidateListOfUsers" finished-at="2025-03-19T13:40:08 IST" duration-ms="5383" status="PASS">
          <reporter-output>
          </reporter-output>
        </test-method> <!-- ValidateListOfUsers -->
      </class> <!-- tests.APITestUsingBDD -->
    </test> <!-- Default test -->
  </suite> <!-- Default suite -->
</testng-results>
